0 info it worked if it ends with ok
<<<<<<< HEAD
1 verbose cli [ 'D:\\Program Files\\node.exe',
1 verbose cli   'D:\\Program Files\\node_modules\\npm\\bin\\npm-cli.js',
=======
1 verbose cli [ 'D:\\node.exe',
1 verbose cli   'D:\\node_modules\\npm\\bin\\npm-cli.js',
>>>>>>> origin/master
1 verbose cli   'start' ]
2 info using npm@3.10.3
3 info using node@v6.3.1
4 verbose stack Error: missing script: start
<<<<<<< HEAD
4 verbose stack     at run (D:\Program Files\node_modules\npm\lib\run-script.js:151:19)
4 verbose stack     at D:\Program Files\node_modules\npm\lib\run-script.js:61:5
4 verbose stack     at D:\Program Files\node_modules\npm\node_modules\read-package-json\read-json.js:356:5
4 verbose stack     at checkBinReferences_ (D:\Program Files\node_modules\npm\node_modules\read-package-json\read-json.js:320:45)
4 verbose stack     at final (D:\Program Files\node_modules\npm\node_modules\read-package-json\read-json.js:354:3)
4 verbose stack     at then (D:\Program Files\node_modules\npm\node_modules\read-package-json\read-json.js:124:5)
4 verbose stack     at D:\Program Files\node_modules\npm\node_modules\read-package-json\read-json.js:311:12
4 verbose stack     at D:\Program Files\node_modules\npm\node_modules\graceful-fs\graceful-fs.js:78:16
4 verbose stack     at tryToString (fs.js:455:3)
4 verbose stack     at FSReqWrap.readFileAfterClose [as oncomplete] (fs.js:442:12)
5 verbose cwd D:\hylz\chd
6 error Windows_NT 6.3.9600
7 error argv "D:\\Program Files\\node.exe" "D:\\Program Files\\node_modules\\npm\\bin\\npm-cli.js" "start"
=======
4 verbose stack     at run (D:\node_modules\npm\lib\run-script.js:151:19)
4 verbose stack     at D:\node_modules\npm\lib\run-script.js:61:5
4 verbose stack     at D:\node_modules\npm\node_modules\read-package-json\read-json.js:356:5
4 verbose stack     at checkBinReferences_ (D:\node_modules\npm\node_modules\read-package-json\read-json.js:320:45)
4 verbose stack     at final (D:\node_modules\npm\node_modules\read-package-json\read-json.js:354:3)
4 verbose stack     at then (D:\node_modules\npm\node_modules\read-package-json\read-json.js:124:5)
4 verbose stack     at D:\node_modules\npm\node_modules\read-package-json\read-json.js:243:12
4 verbose stack     at D:\node_modules\npm\node_modules\graceful-fs\graceful-fs.js:78:16
4 verbose stack     at tryToString (fs.js:455:3)
4 verbose stack     at FSReqWrap.readFileAfterClose [as oncomplete] (fs.js:442:12)
5 verbose cwd D:\learn\go girl\实训三\project\learn
6 error Windows_NT 6.3.9600
7 error argv "D:\\node.exe" "D:\\node_modules\\npm\\bin\\npm-cli.js" "start"
>>>>>>> origin/master
8 error node v6.3.1
9 error npm  v3.10.3
10 error missing script: start
11 error If you need help, you may report this error at:
11 error     <https://github.com/npm/npm/issues>
12 verbose exit [ 1, true ]
